2024-11-08 11:17:43,137 - ArchimedesApp - INFO - Archimedes started.
2024-11-08 11:17:43,216 - ArchimedesApp - INFO - Archimedes initialized
2024-11-08 11:18:36,800 - ArchimedesApp - INFO - Archimedes started.
2024-11-08 11:18:36,860 - ArchimedesApp - INFO - Archimedes initialized
2024-11-08 11:51:53,583 - ArchimedesApp - INFO - Archimedes started.
2024-11-08 11:51:53,742 - ArchimedesApp - INFO - Archimedes initialized
2024-11-08 12:00:31,483 - ArchimedesApp - INFO - Archimedes started.
2024-11-08 12:00:31,562 - ArchimedesApp - INFO - Archimedes initialized
2024-11-08 12:31:23,198 - ArchimedesApp - INFO - Archimedes started.
2024-11-08 12:31:23,258 - ArchimedesApp - INFO - Archimedes initialized
2024-11-08 12:34:28,514 - ArchimedesApp - INFO - Archimedes started.
2024-11-08 12:34:28,574 - ArchimedesApp - INFO - Archimedes initialized
2024-11-08 12:43:14,832 - ArchimedesApp - INFO - Archimedes started.
2024-11-08 12:43:14,904 - ArchimedesApp - INFO - Archimedes initialized
2024-11-08 12:44:59,650 - ArchimedesApp - INFO - Archimedes started.
2024-11-08 12:44:59,718 - ArchimedesApp - INFO - Archimedes initialized
2024-11-08 12:57:54,368 - ArchimedesApp - INFO - Archimedes started.
2024-11-08 12:57:54,431 - ArchimedesApp - INFO - Archimedes initialized
2024-11-08 12:58:27,691 - ArchimedesApp - INFO - Horizontal: {self.horizontal_len}
Vertical: {self.vertical_len}
2024-11-08 12:59:55,791 - ArchimedesApp - INFO - Horizontal: 5.0 is greater than 4
Vertical: 4.5 is greater than 4
2024-11-08 13:09:19,591 - ArchimedesApp - INFO
Archimedes started.
2024-11-08 13:09:21,276 - ArchimedesApp - INFO
Archimedes initialized
2024-11-08 13:09:46,648 - ArchimedesApp - INFO
Horizontal: {self.horizontal_len}
Vertical: {self.vertical_len}
2024-11-08 13:10:27,461 - ArchimedesApp - INFO
Horizontal: 5.0 is greater than 4
Vertical: 5.3125 is greater than 4
2024-11-08 16:03:29,535 - ArchimedesApp - INFO
Archimedes started.
2024-11-08 16:07:07,170 - ArchimedesApp - INFO
Archimedes started.
2024-11-08 16:08:29,443 - ArchimedesApp - INFO
Archimedes started.
2024-11-08 16:08:29,652 - ArchimedesApp - INFO
Archimedes initialized
2024-11-08 16:08:41,798 - ArchimedesApp - INFO
Horizontal: {self.horizontal_len}
Vertical: {self.vertical_len}
2024-11-08 16:14:23,087 - ArchimedesApp - INFO
Archimedes started.
2024-11-08 16:14:23,212 - ArchimedesApp - INFO
Archimedes initialized
2024-11-08 16:14:39,198 - ArchimedesApp - INFO
Horizontal: {self.horizontal_len}
Vertical: {self.vertical_len}
